0 info it worked if it ends with ok
1 verbose cli [ 'node', '/usr/local/bin/npm', 'start' ]
2 info using npm@3.8.2
3 info using node@v0.10.25
4 verbose node symlink /usr/bin/node
5 verbose run-script [ 'prestart', 'start', 'poststart' ]
6 info lifecycle deriveio@0.0.1~prestart: deriveio@0.0.1
7 silly lifecycle deriveio@0.0.1~prestart: no script for prestart, continuing
8 info lifecycle deriveio@0.0.1~start: deriveio@0.0.1
9 verbose lifecycle deriveio@0.0.1~start: unsafe-perm in lifecycle true
10 verbose lifecycle deriveio@0.0.1~start: PATH: /usr/local/lib/node_modules/npm/bin/node-gyp-bin:/home/sinless/Advanced 2/Program/GPS2Master/Browser/node_modules/.bin:/usr/bin:/home/sinless/anaconda/bin:/home/sinless/.cabal/bin:/opt/cabal/1.20/bin:/opt/ghc/7.8.4/bin:/usr/local/sbin:/usr/local/bin:/usr/sbin:/usr/bin:/sbin:/bin:/usr/games:/usr/local/games
11 verbose lifecycle deriveio@0.0.1~start: CWD: /home/sinless/Advanced 2/Program/GPS2Master/Browser
12 silly lifecycle deriveio@0.0.1~start: Args: [ '-c', 'node main.js' ]
13 silly lifecycle deriveio@0.0.1~start: Returned: code: 8  signal: null
14 info lifecycle deriveio@0.0.1~start: Failed to exec start script
15 verbose stack Error: deriveio@0.0.1 start: `node main.js`
15 verbose stack Exit status 8
15 verbose stack     at EventEmitter.<anonymous> (/usr/local/lib/node_modules/npm/lib/utils/lifecycle.js:239:16)
15 verbose stack     at EventEmitter.emit (events.js:98:17)
15 verbose stack     at ChildProcess.<anonymous> (/usr/local/lib/node_modules/npm/lib/utils/spawn.js:24:14)
15 verbose stack     at ChildProcess.EventEmitter.emit (events.js:98:17)
15 verbose stack     at maybeClose (child_process.js:743:16)
15 verbose stack     at Process.ChildProcess._handle.onexit (child_process.js:810:5)
16 verbose pkgid deriveio@0.0.1
17 verbose cwd /home/sinless/Advanced 2/Program/GPS2Master/Browser
18 error Linux 3.13.0-24-generic
19 error argv "node" "/usr/local/bin/npm" "start"
20 error node v0.10.25
21 error npm  v3.8.2
22 error code ELIFECYCLE
23 error deriveio@0.0.1 start: `node main.js`
23 error Exit status 8
24 error Failed at the deriveio@0.0.1 start script 'node main.js'.
24 error Make sure you have the latest version of node.js and npm installed.
24 error If you do, this is most likely a problem with the deriveio package,
24 error not with npm itself.
24 error Tell the author that this fails on your system:
24 error     node main.js
24 error You can get information on how to open an issue for this project with:
24 error     npm bugs deriveio
24 error Or if that isn't available, you can get their info via:
24 error     npm owner ls deriveio
24 error There is likely additional logging output above.
25 verbose exit [ 1, true ]
